<?xml version="1.0" encoding="UTF-8"?>
<!-- Generated by org.testng.reporters.JUnitXMLReporter -->
<testsuite ignored="1" hostname="LAPTOP-NCUR2OHV" failures="0" tests="1" name="Default test" time="24.076" errors="0" timestamp="2024-08-10T14:12:55 IST">
  <testcase classname="CoverFoxTest.TestClass" name="validatePresenceOfSortDropdown" time="0.223"/>
  <testcase classname="CoverFoxTest.TestClass" name="validateBanners" time="0.0">
    <ignored/>
  </testcase> <!-- validateBanners -->
</testsuite> <!-- Default test -->
