<?xml version="1.0" encoding="UTF-8"?>
<testng-results ignored="0" total="1" passed="1" failed="0" skipped="0">
  <reporter-output>
    <line>
      <![CDATA[Launchig the browser]]>
    </line>
    <line>
      <![CDATA[Click on get started]]>
    </line>
    <line>
      <![CDATA[Click on next button]]>
    </line>
    <line>
      <![CDATA[Select age]]>
    </line>
    <line>
      <![CDATA[Click on next button]]>
    </line>
    <line>
      <![CDATA[enter pincode]]>
    </line>
    <line>
      <![CDATA[enter mobileNo]]>
    </line>
    <line>
      <![CDATA[Click on Continue Btn]]>
    </line>
    <line>
      <![CDATA[Validating the presence of sort dropdown on result page]]>
    </line>
    <line>
      <![CDATA[Taking Screenshot]]>
    </line>
    <line>
      <![CDATA[Closing the browser]]>
    </line>
  </reporter-output>
  <suite started-at="2024-08-10T14:12:31 IST" name="Default suite" finished-at="2024-08-10T14:12:55 IST" duration-ms="24076">
    <groups>
    </groups>
    <test started-at="2024-08-10T14:12:31 IST" name="Default test" finished-at="2024-08-10T14:12:55 IST" duration-ms="24076">
      <class name="CoverFoxTest.TestClass">
        <test-method is-config="true" signature="openBrowser()[pri:0, instance:CoverFoxTest.TestClass@62ddbd7e]" started-at="2024-08-10T14:12:31 IST" name="openBrowser" finished-at="2024-08-10T14:12:36 IST" duration-ms="5437" status="PASS">
          <reporter-output>
            <line>
              <![CDATA[Launchig the browser]]>
            </line>
          </reporter-output>
        </test-method> <!-- openBrowser -->
        <test-method is-config="true" signature="preConditions()[pri:0, instance:CoverFoxTest.TestClass@62ddbd7e]" started-at="2024-08-10T14:12:36 IST" name="preConditions" finished-at="2024-08-10T14:12:51 IST" duration-ms="15172" status="PASS">
          <reporter-output>
            <line>
              <![CDATA[Click on get started]]>
            </line>
            <line>
              <![CDATA[Click on next button]]>
            </line>
            <line>
              <![CDATA[Select age]]>
            </line>
            <line>
              <![CDATA[Click on next button]]>
            </line>
            <line>
              <![CDATA[enter pincode]]>
            </line>
            <line>
              <![CDATA[enter mobileNo]]>
            </line>
            <line>
              <![CDATA[Click on Continue Btn]]>
            </line>
          </reporter-output>
        </test-method> <!-- preConditions -->
        <test-method signature="validatePresenceOfSortDropdown()[pri:0, instance:CoverFoxTest.TestClass@62ddbd7e]" started-at="2024-08-10T14:12:51 IST" name="validatePresenceOfSortDropdown" finished-at="2024-08-10T14:12:51 IST" duration-ms="223" status="PASS">
          <reporter-output>
            <line>
              <![CDATA[Validating the presence of sort dropdown on result page]]>
            </line>
            <line>
              <![CDATA[Taking Screenshot]]>
            </line>
          </reporter-output>
        </test-method> <!-- validatePresenceOfSortDropdown -->
        <test-method is-config="true" signature="closeTheBrowser()[pri:0, instance:CoverFoxTest.TestClass@62ddbd7e]" started-at="2024-08-10T14:12:51 IST" name="closeTheBrowser" finished-at="2024-08-10T14:12:55 IST" duration-ms="3203" status="PASS">
          <reporter-output>
            <line>
              <![CDATA[Closing the browser]]>
            </line>
          </reporter-output>
        </test-method> <!-- closeTheBrowser -->
      </class> <!-- CoverFoxTest.TestClass -->
    </test> <!-- Default test -->
  </suite> <!-- Default suite -->
</testng-results>
